c:\users\lenovo\onedrive\数据机构与算法c语言描述\数据机构与算法c语言描述\x64\debug\vc143.pdb
c:\users\lenovo\onedrive\数据机构与算法c语言描述\数据机构与算法c语言描述\x64\debug\vc143.idb
c:\users\lenovo\onedrive\数据机构与算法c语言描述\数据机构与算法c语言描述\x64\debug\main.obj
c:\users\lenovo\onedrive\数据机构与算法c语言描述\数据机构与算法c语言描述\x64\debug\staticlinkedlist.obj
c:\users\lenovo\onedrive\数据机构与算法c语言描述\数据机构与算法c语言描述\x64\debug\sequencelist.obj
c:\users\lenovo\onedrive\数据机构与算法c语言描述\数据机构与算法c语言描述\x64\debug\algorithm.obj
c:\users\lenovo\onedrive\数据机构与算法c语言描述\数据机构与算法c语言描述\x64\debug\singlylinkedlist.obj
c:\users\lenovo\onedrive\数据机构与算法c语言描述\数据机构与算法c语言描述\x64\debug\circularlinkedlist.obj
c:\users\lenovo\onedrive\数据机构与算法c语言描述\数据机构与算法c语言描述\x64\debug\doublelinklist.obj
c:\users\lenovo\onedrive\数据机构与算法c语言描述\x64\debug\数据机构与算法c语言描述.exe
c:\users\lenovo\onedrive\数据机构与算法c语言描述\x64\debug\数据机构与算法c语言描述.pdb
c:\users\lenovo\onedrive\数据机构与算法c语言描述\数据机构与算法c语言描述\x64\debug\数据机构与算法c语言描述.ilk
c:\users\lenovo\onedrive\数据机构与算法c语言描述\数据机构与算法c语言描述\x64\debug\linkedlist.obj
c:\users\lenovo\onedrive\数据机构与算法c语言描述\数据机构与算法c语言描述\x64\debug\数据机构与算法c语言描述.tlog\cl.command.1.tlog
c:\users\lenovo\onedrive\数据机构与算法c语言描述\数据机构与算法c语言描述\x64\debug\数据机构与算法c语言描述.tlog\cl.items.tlog
c:\users\lenovo\onedrive\数据机构与算法c语言描述\数据机构与算法c语言描述\x64\debug\数据机构与算法c语言描述.tlog\cl.read.1.tlog
c:\users\lenovo\onedrive\数据机构与算法c语言描述\数据机构与算法c语言描述\x64\debug\数据机构与算法c语言描述.tlog\cl.write.1.tlog
c:\users\lenovo\onedrive\数据机构与算法c语言描述\数据机构与算法c语言描述\x64\debug\数据机构与算法c语言描述.tlog\link.command.1.tlog
c:\users\lenovo\onedrive\数据机构与算法c语言描述\数据机构与算法c语言描述\x64\debug\数据机构与算法c语言描述.tlog\link.read.1.tlog
c:\users\lenovo\onedrive\数据机构与算法c语言描述\数据机构与算法c语言描述\x64\debug\数据机构与算法c语言描述.tlog\link.secondary.1.tlog
c:\users\lenovo\onedrive\数据机构与算法c语言描述\数据机构与算法c语言描述\x64\debug\数据机构与算法c语言描述.tlog\link.write.1.tlog
